<?xml version="1.0" encoding="UTF-8"?>
<!-- Generated by org.testng.reporters.JUnitReportReporter -->
<testsuite hostname="LTIN251003" failures="0" tests="19" name="Test_Cases.Finding_Hospitals" time="77.512" errors="0" timestamp="2024-03-07T10:47:00 IST" skipped="0">
  <testcase classname="Test_Cases.Finding_Hospitals" name="Search_City" time="5.141"/>
  <testcase classname="Test_Cases.Finding_Hospitals" name="Search_Dentists" time="5.558"/>
  <testcase classname="Test_Cases.Finding_Hospitals" name="select_PatientStories" time="2.587"/>
  <testcase classname="Test_Cases.Finding_Hospitals" name="select_Experience" time="2.459"/>
  <testcase classname="Test_Cases.Finding_Hospitals" name="applyFilters" time="2.538"/>
  <testcase classname="Test_Cases.Finding_Hospitals" name="applyFilters_1" time="2.504"/>
  <testcase classname="Test_Cases.Finding_Hospitals" name="applyFilters_2" time="4.382"/>
  <testcase classname="Test_Cases.Finding_Hospitals" name="get_DoctorDetails" time="29.678"/>
  <testcase classname="Test_Cases.Finding_Hospitals" name="navigateToSurgeries" time="1.631"/>
  <testcase classname="Test_Cases.Finding_Hospitals" name="ScrollToSurgeries" time="0.254"/>
  <testcase classname="Test_Cases.Finding_Hospitals" name="sugeryNames" time="1.934"/>
  <testcase classname="Test_Cases.Finding_Hospitals" name="ScrollToTop" time="0.101"/>
  <testcase classname="Test_Cases.Finding_Hospitals" name="navigatioToHealth_Page" time="10.666"/>
  <testcase classname="Test_Cases.Finding_Hospitals" name="scrollToDemoBtn" time="0.212"/>
  <testcase classname="Test_Cases.Finding_Hospitals" name="verifyDemoBtn_1" time="1.515"/>
  <testcase classname="Test_Cases.Finding_Hospitals" name="ClickDemoBtn" time="0.648"/>
  <testcase classname="Test_Cases.Finding_Hospitals" name="ClearingData" time="0.520"/>
  <testcase classname="Test_Cases.Finding_Hospitals" name="verifyDemoBtn_2" time="3.897"/>
  <testcase classname="Test_Cases.Finding_Hospitals" name="Verify_ResultMsg" time="1.287"/>
</testsuite> <!-- Test_Cases.Finding_Hospitals -->
